C:\FERNS\DEBUG\FERNS.EXE
C:\FERNS\DEBUG\FERNS.ILK
C:\FERNS\DEBUG\FERNS.PDB
C:\FERNS\FERNS\DEBUG\AFFINE_IMAGE_GENERATOR06.OBJ
C:\FERNS\FERNS\DEBUG\AFFINE_TRANSFORMATION_RANGE.OBJ
C:\FERNS\FERNS\DEBUG\BUFFER_MANAGEMENT.OBJ
C:\FERNS\FERNS\DEBUG\CMPHOMO.OBJ
C:\FERNS\FERNS\DEBUG\FERN_BASED_POINT_CLASSIFIER.OBJ
C:\FERNS\FERNS\DEBUG\FERNS.EXE.INTERMEDIATE.MANIFEST
C:\FERNS\FERNS\DEBUG\FERNS.OBJ
C:\FERNS\FERNS\DEBUG\FINE_GAUSSIAN_PYRAMID.OBJ
C:\FERNS\FERNS\DEBUG\HOMOGRAPHY_ESTIMATOR.OBJ
C:\FERNS\FERNS\DEBUG\HOMOGRAPHY06.OBJ
C:\FERNS\FERNS\DEBUG\MAIN.OBJ
C:\FERNS\FERNS\DEBUG\MCV.OBJ
C:\FERNS\FERNS\DEBUG\MCVGAUSSIANSMOOTHING.OBJ
C:\FERNS\FERNS\DEBUG\PLANAR_PATTERN_DETECTOR.OBJ
C:\FERNS\FERNS\DEBUG\PLANAR_PATTERN_DETECTOR_BUILDER.OBJ
C:\FERNS\FERNS\DEBUG\PYR_YAPE06.OBJ
C:\FERNS\FERNS\DEBUG\TEMPLATE_MATCHING_BASED_TRACKER.OBJ
C:\FERNS\FERNS\DEBUG\VC100.PDB
C:\USERS\USER\DESKTOP\FERNS\DEBUG\FERNS.EXE
C:\USERS\USER\DESKTOP\FERNS\DEBUG\FERNS.ILK
C:\USERS\USER\DESKTOP\FERNS\DEBUG\FERNS.PDB
C:\USERS\USER\DESKTOP\FERNS\FERNS\DEBUG\AFFINE_IMAGE_GENERATOR06.OBJ
C:\USERS\USER\DESKTOP\FERNS\FERNS\DEBUG\AFFINE_TRANSFORMATION_RANGE.OBJ
C:\USERS\USER\DESKTOP\FERNS\FERNS\DEBUG\BUFFER_MANAGEMENT.OBJ
C:\USERS\USER\DESKTOP\FERNS\FERNS\DEBUG\CMPHOMO.OBJ
C:\USERS\USER\DESKTOP\FERNS\FERNS\DEBUG\FERN_BASED_POINT_CLASSIFIER.OBJ
C:\USERS\USER\DESKTOP\FERNS\FERNS\DEBUG\FERNS.EXE.INTERMEDIATE.MANIFEST
C:\USERS\USER\DESKTOP\FERNS\FERNS\DEBUG\FERNS.OBJ
C:\USERS\USER\DESKTOP\FERNS\FERNS\DEBUG\FINE_GAUSSIAN_PYRAMID.OBJ
C:\USERS\USER\DESKTOP\FERNS\FERNS\DEBUG\HOMOGRAPHY_ESTIMATOR.OBJ
C:\USERS\USER\DESKTOP\FERNS\FERNS\DEBUG\HOMOGRAPHY06.OBJ
C:\USERS\USER\DESKTOP\FERNS\FERNS\DEBUG\MAIN.OBJ
C:\USERS\USER\DESKTOP\FERNS\FERNS\DEBUG\MCV.OBJ
C:\USERS\USER\DESKTOP\FERNS\FERNS\DEBUG\MCVGAUSSIANSMOOTHING.OBJ
C:\USERS\USER\DESKTOP\FERNS\FERNS\DEBUG\PLANAR_PATTERN_DETECTOR.OBJ
C:\USERS\USER\DESKTOP\FERNS\FERNS\DEBUG\PLANAR_PATTERN_DETECTOR_BUILDER.OBJ
C:\USERS\USER\DESKTOP\FERNS\FERNS\DEBUG\PYR_YAPE06.OBJ
C:\USERS\USER\DESKTOP\FERNS\FERNS\DEBUG\TEMPLATE_MATCHING_BASED_TRACKER.OBJ
C:\USERS\USER\DESKTOP\FERNS\FERNS\DEBUG\VC100.PDB
E:\PROJECT\VS 工程\FERNS\DEBUG\FERNS.EXE
E:\PROJECT\VS 工程\FERNS\DEBUG\FERNS.ILK
E:\PROJECT\VS 工程\FERNS\DEBUG\FERNS.PDB
E:\PROJECT\VS 工程\FERNS\FERNS\DEBUG\AFFINE_IMAGE_GENERATOR06.OBJ
E:\PROJECT\VS 工程\FERNS\FERNS\DEBUG\AFFINE_TRANSFORMATION_RANGE.OBJ
E:\PROJECT\VS 工程\FERNS\FERNS\DEBUG\BUFFER_MANAGEMENT.OBJ
E:\Project\VS 工程\ferns\ferns\Debug\cl.command.1.tlog
E:\Project\VS 工程\ferns\ferns\Debug\CL.read.1.tlog
E:\Project\VS 工程\ferns\ferns\Debug\CL.write.1.tlog
E:\PROJECT\VS 工程\FERNS\FERNS\DEBUG\CMPHOMO.OBJ
E:\PROJECT\VS 工程\FERNS\FERNS\DEBUG\FERN_BASED_POINT_CLASSIFIER.OBJ
E:\PROJECT\VS 工程\FERNS\FERNS\DEBUG\FERNS.EXE.INTERMEDIATE.MANIFEST
E:\PROJECT\VS 工程\FERNS\FERNS\DEBUG\FERNS.OBJ
E:\Project\VS 工程\ferns\ferns\Debug\ferns.vcxprojResolveAssemblyReference.cache
E:\Project\VS 工程\ferns\ferns\Debug\ferns.write.1.tlog
E:\PROJECT\VS 工程\FERNS\FERNS\DEBUG\FINE_GAUSSIAN_PYRAMID.OBJ
E:\PROJECT\VS 工程\FERNS\FERNS\DEBUG\HOMOGRAPHY_ESTIMATOR.OBJ
E:\PROJECT\VS 工程\FERNS\FERNS\DEBUG\HOMOGRAPHY06.OBJ
E:\Project\VS 工程\ferns\ferns\Debug\link.command.1.tlog
E:\Project\VS 工程\ferns\ferns\Debug\link.read.1.tlog
E:\Project\VS 工程\ferns\ferns\Debug\link.write.1.tlog
E:\PROJECT\VS 工程\FERNS\FERNS\DEBUG\MAIN.OBJ
E:\PROJECT\VS 工程\FERNS\FERNS\DEBUG\MCV.OBJ
E:\PROJECT\VS 工程\FERNS\FERNS\DEBUG\MCVGAUSSIANSMOOTHING.OBJ
E:\Project\VS 工程\ferns\ferns\Debug\mt.command.1.tlog
E:\Project\VS 工程\ferns\ferns\Debug\mt.read.1.tlog
E:\Project\VS 工程\ferns\ferns\Debug\mt.write.1.tlog
E:\PROJECT\VS 工程\FERNS\FERNS\DEBUG\PLANAR_PATTERN_DETECTOR.OBJ
E:\PROJECT\VS 工程\FERNS\FERNS\DEBUG\PLANAR_PATTERN_DETECTOR_BUILDER.OBJ
E:\PROJECT\VS 工程\FERNS\FERNS\DEBUG\PYR_YAPE06.OBJ
E:\PROJECT\VS 工程\FERNS\FERNS\DEBUG\TEMPLATE_MATCHING_BASED_TRACKER.OBJ
E:\Project\VS 工程\ferns\ferns\Debug\vc100.idb
E:\PROJECT\VS 工程\FERNS\FERNS\DEBUG\VC100.PDB
