生成启动时间为 2020/6/22 21:18:06。
     1>项目“D:\ComputerVision\PTAM\ObjLoader\ObjLoader\ObjLoader.vcxproj”在节点 2 上(Build 个目标)。
     1>ClCompile:
         C:\Program Files (x86)\Microsoft Visual Studio 12.0\VC\bin\x86_amd64\CL.exe /c /Zi /nologo /W3 /WX- /sdl /O2 /Oi /GL /D _MBCS /Gm- /EHsc /MD /GS /Gy /fp:precise /Zc:wchar_t /Zc:forScope /Fo"x64\Release\\" /Fd"x64\Release\vc120.pdb" /Gd /TP /errorReport:prompt main.cpp ObjLoader.cpp
         main.cpp
     1>main.cpp(6): warning C4305: “初始化”: 从“double”到“float”截断
         ObjLoader.cpp
     1>ObjLoader.cpp(57): warning C4244: “初始化”: 从“double”转换到“GLfloat”，可能丢失数据
     1>ObjLoader.cpp(81): warning C4244: “初始化”: 从“double”转换到“GLint”，可能丢失数据
       Link:
         C:\Program Files (x86)\Microsoft Visual Studio 12.0\VC\bin\x86_amd64\link.exe /ERRORREPORT:PROMPT /OUT:"D:\ComputerVision\PTAM\ObjLoader\x64\Release\ObjLoader.exe" /NOLOGO kernel32.lib user32.lib gdi32.lib winspool.lib comdlg32.lib advapi32.lib shell32.lib ole32.lib oleaut32.lib uuid.lib odbc32.lib odbccp32.lib /MANIFEST /MANIFESTUAC:"level='asInvoker' uiAccess='false'" /manifest:embed /PDB:"D:\ComputerVision\PTAM\ObjLoader\x64\Release\ObjLoader.pdb" /OPT:REF /OPT:ICF /LTCG /TLBID:1 /DYNAMICBASE /NXCOMPAT /IMPLIB:"D:\ComputerVision\PTAM\ObjLoader\x64\Release\ObjLoader.lib" /MACHINE:X64 x64\Release\main.obj
         x64\Release\ObjLoader.obj
         Dependencies\freeglut\freeglut.lib
         Dependencies\glew\glew32.lib
         正在生成代码
         已完成代码的生成
         ObjLoader.vcxproj -> D:\ComputerVision\PTAM\ObjLoader\x64\Release\ObjLoader.exe
     1>已完成生成项目“D:\ComputerVision\PTAM\ObjLoader\ObjLoader\ObjLoader.vcxproj”(Build 个目标)的操作。

生成成功。

已用时间 00:00:02.46
