d:\computervision\cv experiment 3\markerlessar_sourcecode\build\src\markerless_ar_demo.dir\debug\vc120.pdb
d:\computervision\cv experiment 3\markerlessar_sourcecode\build\src\markerless_ar_demo.dir\debug\patterndetector.obj
d:\computervision\cv experiment 3\markerlessar_sourcecode\build\src\markerless_ar_demo.dir\debug\pattern.obj
d:\computervision\cv experiment 3\markerlessar_sourcecode\build\src\markerless_ar_demo.dir\debug\arpipeline.obj
d:\computervision\cv experiment 3\markerlessar_sourcecode\build\src\markerless_ar_demo.dir\debug\main.obj
d:\computervision\cv experiment 3\markerlessar_sourcecode\build\src\markerless_ar_demo.dir\debug\geometrytypes.obj
d:\computervision\cv experiment 3\markerlessar_sourcecode\build\src\markerless_ar_demo.dir\debug\cameracalibration.obj
d:\computervision\cv experiment 3\markerlessar_sourcecode\build\src\markerless_ar_demo.dir\debug\ardrawingcontext.obj
d:\computervision\cv experiment 3\markerlessar_sourcecode\build\src\cmakefiles\generate.stamp
d:\computervision\cv experiment 3\markerlessar_sourcecode\build\src\debug\markerless_ar_demo.ilk
d:\computervision\cv experiment 3\markerlessar_sourcecode\build\src\debug\markerless_ar_demo.exe
d:\computervision\cv experiment 3\markerlessar_sourcecode\build\src\debug\markerless_ar_demo.pdb
d:\computervision\cv experiment 3\markerlessar_sourcecode\build\src\markerless_ar_demo.dir\debug\markerle.41765bb8.tlog\cl.command.1.tlog
d:\computervision\cv experiment 3\markerlessar_sourcecode\build\src\markerless_ar_demo.dir\debug\markerle.41765bb8.tlog\cl.read.1.tlog
d:\computervision\cv experiment 3\markerlessar_sourcecode\build\src\markerless_ar_demo.dir\debug\markerle.41765bb8.tlog\cl.write.1.tlog
d:\computervision\cv experiment 3\markerlessar_sourcecode\build\src\markerless_ar_demo.dir\debug\markerle.41765bb8.tlog\custombuild.command.1.tlog
d:\computervision\cv experiment 3\markerlessar_sourcecode\build\src\markerless_ar_demo.dir\debug\markerle.41765bb8.tlog\custombuild.read.1.tlog
d:\computervision\cv experiment 3\markerlessar_sourcecode\build\src\markerless_ar_demo.dir\debug\markerle.41765bb8.tlog\custombuild.write.1.tlog
d:\computervision\cv experiment 3\markerlessar_sourcecode\build\src\markerless_ar_demo.dir\debug\markerle.41765bb8.tlog\link.command.1.tlog
d:\computervision\cv experiment 3\markerlessar_sourcecode\build\src\markerless_ar_demo.dir\debug\markerle.41765bb8.tlog\link.read.1.tlog
d:\computervision\cv experiment 3\markerlessar_sourcecode\build\src\markerless_ar_demo.dir\debug\markerle.41765bb8.tlog\link.write.1.tlog
