d:\computervision\ptam\ptam\release\vc120.pdb
d:\computervision\ptam\ptam\release\videosource_win32_cmu1394.obj
d:\computervision\ptam\ptam\release\glwindowmenu.obj
d:\computervision\ptam\ptam\release\glwindow2.obj
d:\computervision\ptam\ptam\release\cameracalibrator.obj
d:\computervision\ptam\ptam\release\calibimage.obj
d:\computervision\ptam\ptam\release\calibcornerpatch.obj
d:\computervision\ptam\ptam\release\atancamera.obj
d:\computervision\ptam\ptam\release\cameracalibrator.exe
d:\computervision\ptam\ptam\release\cameracalibrator.pdb
d:\computervision\ptam\ptam\release\anmobj.obj
d:\computervision\ptam\ptam\release\ardriver.obj
d:\computervision\ptam\ptam\release\bundle.obj
d:\computervision\ptam\ptam\release\eyegame.obj
d:\computervision\ptam\ptam\release\homographyinit.obj
d:\computervision\ptam\ptam\release\keyframe.obj
d:\computervision\ptam\ptam\release\main.obj
d:\computervision\ptam\ptam\release\map.obj
d:\computervision\ptam\ptam\release\mapmaker.obj
d:\computervision\ptam\ptam\release\mappoint.obj
d:\computervision\ptam\ptam\release\mapviewer.obj
d:\computervision\ptam\ptam\release\md2.obj
d:\computervision\ptam\ptam\release\minipatch.obj
d:\computervision\ptam\ptam\release\patchfinder.obj
d:\computervision\ptam\ptam\release\relocaliser.obj
d:\computervision\ptam\ptam\release\shitomasi.obj
d:\computervision\ptam\ptam\release\smallblurryimage.obj
d:\computervision\ptam\ptam\release\system.obj
d:\computervision\ptam\ptam\release\tracker.obj
d:\computervision\ptam\ptam\release\ptam.pdb
d:\computervision\ptam\ptam\release\cameracalibrator.tlog\cl.command.1.tlog
d:\computervision\ptam\ptam\release\cameracalibrator.tlog\cl.read.1.tlog
d:\computervision\ptam\ptam\release\cameracalibrator.tlog\cl.write.1.tlog
d:\computervision\ptam\ptam\release\cameracalibrator.tlog\link.command.1.tlog
d:\computervision\ptam\ptam\release\cameracalibrator.tlog\link.read.1.tlog
d:\computervision\ptam\ptam\release\cameracalibrator.tlog\link.write.1.tlog
